SF:/Users/asher/GitHub/redis/mod.ts
FN:77,createRequest
FN:98,readLines
FN:113,readNReplies
FN:121,parseLine
FN:133,chunk
FN:141,readReply
FN:390,<instance_members_initializer>
FN:401,RedisClient
FN:411,#enqueue
FN:452,sendCommand
FN:483,writeCommand
FN:524,readReplies
FN:574,pipelineCommands
FNDA:94,createRequest
FNDA:44,readLines
FNDA:33,readNReplies
FNDA:276,parseLine
FNDA:9,chunk
FNDA:329,readReply
FNDA:44,<instance_members_initializer>
FNDA:44,RedisClient
FNDA:85,#enqueue
FNDA:74,sendCommand
FNDA:8,writeCommand
FNDA:32,readReplies
FNDA:3,pipelineCommands
FNF:13
FNH:13
BRDA:83,1,0,225
BRDA:84,1,1,2
BRDA:85,1,2,223
BRDA:100,2,0,110
BRDA:104,2,1,330
BRDA:106,2,2,330
BRDA:107,2,3,286
BRDA:110,2,4,0
BRDA:135,6,0,32
BRDA:147,7,0,16
BRDA:148,7,1,19
BRDA:150,7,2,1
BRDA:150,7,3,18
BRDA:152,7,4,2
BRDA:159,7,5,2
BRDA:161,7,6,1
BRDA:166,7,7,4
BRDA:168,7,8,100
BRDA:169,7,9,101
BRDA:170,7,10,4
BRDA:170,7,11,97
BRDA:171,7,12,5
BRDA:172,7,13,48
BRDA:174,7,14,1
BRDA:176,7,15,1
BRDA:178,7,16,46
BRDA:182,7,17,1
BRDA:184,7,18,9
BRDA:189,7,19,1
BRDA:191,7,20,1
BRDA:195,7,21,43
BRDA:198,7,22,97
BRDA:199,7,23,3
BRDA:199,7,24,94
BRDA:525,15,0,33
BRDA:526,15,1,1
BRF:36
BRH:35
DA:2,16
DA:49,16
DA:50,16
DA:52,16
DA:53,16
DA:54,16
DA:55,16
DA:56,16
DA:57,16
DA:58,16
DA:59,16
DA:60,16
DA:61,16
DA:62,16
DA:63,16
DA:64,16
DA:65,16
DA:66,16
DA:68,16
DA:69,16
DA:70,16
DA:77,16
DA:78,110
DA:79,110
DA:80,110
DA:81,110
DA:82,110
DA:83,110
DA:84,335
DA:85,335
DA:86,335
DA:87,335
DA:88,335
DA:89,335
DA:90,335
DA:91,335
DA:92,335
DA:94,335
DA:95,110
DA:96,110
DA:98,60
DA:99,60
DA:100,60
DA:101,680
DA:102,170
DA:103,170
DA:104,170
DA:105,170
DA:106,170
DA:107,500
DA:108,786
DA:109,786
DA:110,170
DA:111,60
DA:113,49
DA:114,49
DA:115,49
DA:116,49
DA:118,147
DA:119,49
DA:121,292
DA:122,292
DA:123,292
DA:133,16
DA:134,25
DA:135,25
DA:136,57
DA:137,57
DA:138,25
DA:139,25
DA:141,345
DA:142,345
DA:143,345
DA:145,345
DA:146,345
DA:147,345
DA:148,709
DA:149,364
DA:150,364
DA:151,364
DA:152,692
DA:154,347
DA:156,347
DA:157,347
DA:158,347
DA:159,345
DA:160,347
DA:161,691
DA:163,346
DA:164,346
DA:165,346
DA:166,345
DA:167,349
DA:168,345
DA:169,345
DA:170,446
DA:171,345
DA:172,738
DA:173,393
DA:174,393
DA:175,394
DA:176,393
DA:177,394
DA:178,393
DA:179,439
DA:180,393
DA:181,393
DA:182,345
DA:183,346
DA:184,699
DA:185,354
DA:186,354
DA:187,354
DA:188,354
DA:189,345
DA:190,346
DA:191,345
DA:192,346
DA:193,346
DA:195,345
DA:196,388
DA:198,345
DA:199,442
DA:200,345
DA:201,345
DA:389,16
DA:390,16
DA:391,60
DA:392,16
DA:401,16
DA:402,16
DA:405,16
DA:406,16
DA:407,60
DA:408,60
DA:409,60
DA:411,16
DA:412,101
DA:413,101
DA:414,101
DA:452,16
DA:453,90
DA:454,164
DA:455,164
DA:456,90
DA:457,90
DA:483,16
DA:484,24
DA:485,24
DA:524,16
DA:525,48
DA:526,81
DA:527,82
DA:528,48
DA:574,16
DA:575,16
DA:576,16
DA:577,16
DA:578,19
DA:579,22
DA:580,22
DA:581,22
DA:582,19
DA:583,19
DA:584,16
LH:165
LF:165
end_of_record
